0 info it worked if it ends with ok
1 verbose cli [ 'C:\\Program Files\\nodejs\\node.exe',
1 verbose cli   'C:\\Program Files\\nodejs\\node_modules\\npm\\bin\\npm-cli.js',
1 verbose cli   'run',
1 verbose cli   'start' ]
2 info using npm@3.10.10
3 info using node@v6.10.1
4 verbose run-script [ 'prestart', 'start', 'poststart' ]
5 info lifecycle terrylin-side-project@1.0.0~prestart: terrylin-side-project@1.0.0
6 silly lifecycle terrylin-side-project@1.0.0~prestart: no script for prestart, continuing
7 info lifecycle terrylin-side-project@1.0.0~start: terrylin-side-project@1.0.0
8 verbose lifecycle terrylin-side-project@1.0.0~start: unsafe-perm in lifecycle true
9 verbose lifecycle terrylin-side-project@1.0.0~start: PATH: C:\Program Files\nodejs\node_modules\npm\bin\node-gyp-bin;D:\GitHub\SideProject1\node_modules\.bin;C:\ProgramData\Oracle\Java\javapath;C:\WINDOWS\system32;C:\WINDOWS;C:\WINDOWS\System32\Wbem;C:\WINDOWS\System32\WindowsPowerShell\v1.0\;C:\Program Files (x86)\Windows Live\Shared;C:\Program Files (x86)\mingw-w64\i686-4.8.1-posix-dwarf-rt_v3-rev2\mingw32\bin;C:\mingw32\bin;C:\Program Files\Git\cmd;C:\Program Files\nodejs\;C:\Program Files\PostgreSQL\9.6\bin;C:\Program Files (x86)\Skype\Phone\;C:\Program Files\Microsoft SQL Server\130\Tools\Binn\;C:\Program Files\dotnet\;C:\Users\terry\AppData\Local\Microsoft\WindowsApps;C:\Users\terry\AppData\Roaming\npm;C:\Program Files (x86)\Microsoft VS Code\bin
10 verbose lifecycle terrylin-side-project@1.0.0~start: CWD: D:\GitHub\SideProject1
11 silly lifecycle terrylin-side-project@1.0.0~start: Args: [ '/d /s /c', 'webpack-dev-server' ]
12 silly lifecycle terrylin-side-project@1.0.0~start: Returned: code: 3221225786  signal: null
13 info lifecycle terrylin-side-project@1.0.0~start: Failed to exec start script
14 verbose stack Error: terrylin-side-project@1.0.0 start: `webpack-dev-server`
14 verbose stack Exit status 3221225786
14 verbose stack     at EventEmitter.<anonymous> (C:\Program Files\nodejs\node_modules\npm\lib\utils\lifecycle.js:255:16)
14 verbose stack     at emitTwo (events.js:106:13)
14 verbose stack     at EventEmitter.emit (events.js:191:7)
14 verbose stack     at ChildProcess.<anonymous> (C:\Program Files\nodejs\node_modules\npm\lib\utils\spawn.js:40:14)
14 verbose stack     at emitTwo (events.js:106:13)
14 verbose stack     at ChildProcess.emit (events.js:191:7)
14 verbose stack     at maybeClose (internal/child_process.js:886:16)
14 verbose stack     at Process.ChildProcess._handle.onexit (internal/child_process.js:226:5)
15 verbose pkgid terrylin-side-project@1.0.0
16 verbose cwd D:\GitHub\SideProject1
17 error Windows_NT 10.0.14393
18 error argv "C:\\Program Files\\nodejs\\node.exe" "C:\\Program Files\\nodejs\\node_modules\\npm\\bin\\npm-cli.js" "run" "start"
19 error node v6.10.1
20 error npm  v3.10.10
21 error code ELIFECYCLE
22 error terrylin-side-project@1.0.0 start: `webpack-dev-server`
22 error Exit status 3221225786
23 error Failed at the terrylin-side-project@1.0.0 start script 'webpack-dev-server'.
23 error Make sure you have the latest version of node.js and npm installed.
23 error If you do, this is most likely a problem with the terrylin-side-project package,
23 error not with npm itself.
23 error Tell the author that this fails on your system:
23 error     webpack-dev-server
23 error You can get information on how to open an issue for this project with:
23 error     npm bugs terrylin-side-project
23 error Or if that isn't available, you can get their info via:
23 error     npm owner ls terrylin-side-project
23 error There is likely additional logging output above.
24 verbose exit [ 1, true ]
